<?xml version="1.0" encoding="UTF-8"?>
<testsuite xmlns:xsi="http://www.w3.org/2001/XMLSchema-instance" xsi:noNamespaceSchemaLocation="https://maven.apache.org/surefire/maven-surefire-plugin/xsd/surefire-test-report.xsd" version="3.0.2" name="com.bootstart.myFirstProject.MyFirstProjectApplicationTests" time="8.145" tests="1" errors="0" skipped="0" failures="0">
  <properties>
    <property name="java.specification.version" value="22"/>
    <property name="sun.jnu.encoding" value="UTF-8"/>
    <property name="java.class.path" value="/Users/smarth/Downloads/myFirstProject/target/test-classes:/Users/smarth/Downloads/myFirstProject/target/classes:/Users/smarth/.m2/repository/org/springframework/boot/spring-boot-starter-web/3.4.0-M3/spring-boot-starter-web-3.4.0-M3.jar:/Users/smarth/.m2/repository/org/springframework/boot/spring-boot-starter/3.4.0-M3/spring-boot-starter-3.4.0-M3.jar:/Users/smarth/.m2/repository/org/springframework/boot/spring-boot/3.4.0-M3/spring-boot-3.4.0-M3.jar:/Users/smarth/.m2/repository/org/springframework/boot/spring-boot-autoconfigure/3.4.0-M3/spring-boot-autoconfigure-3.4.0-M3.jar:/Users/smarth/.m2/repository/org/springframework/boot/spring-boot-starter-logging/3.4.0-M3/spring-boot-starter-logging-3.4.0-M3.jar:/Users/smarth/.m2/repository/ch/qos/logback/logback-classic/1.5.8/logback-classic-1.5.8.jar:/Users/smarth/.m2/repository/ch/qos/logback/logback-core/1.5.8/logback-core-1.5.8.jar:/Users/smarth/.m2/repository/org/apache/logging/log4j/log4j-to-slf4j/2.24.0/log4j-to-slf4j-2.24.0.jar:/Users/smarth/.m2/repository/org/apache/logging/log4j/log4j-api/2.24.0/log4j-api-2.24.0.jar:/Users/smarth/.m2/repository/org/slf4j/jul-to-slf4j/2.0.16/jul-to-slf4j-2.0.16.jar:/Users/smarth/.m2/repository/jakarta/annotation/jakarta.annotation-api/2.1.1/jakarta.annotation-api-2.1.1.jar:/Users/smarth/.m2/repository/org/yaml/snakeyaml/2.3/snakeyaml-2.3.jar:/Users/smarth/.m2/repository/org/springframework/boot/spring-boot-starter-json/3.4.0-M3/spring-boot-starter-json-3.4.0-M3.jar:/Users/smarth/.m2/repository/com/fasterxml/jackson/core/jackson-databind/2.17.2/jackson-databind-2.17.2.jar:/Users/smarth/.m2/repository/com/fasterxml/jackson/core/jackson-annotations/2.17.2/jackson-annotations-2.17.2.jar:/Users/smarth/.m2/repository/com/fasterxml/jackson/core/jackson-core/2.17.2/jackson-core-2.17.2.jar:/Users/smarth/.m2/repository/com/fasterxml/jackson/datatype/jackson-datatype-jdk8/2.17.2/jackson-datatype-jdk8-2.17.2.jar:/Users/smarth/.m2/repository/com/fasterxml/jackson/datatype/jackson-datatype-jsr310/2.17.2/jackson-datatype-jsr310-2.17.2.jar:/Users/smarth/.m2/repository/com/fasterxml/jackson/module/jackson-module-parameter-names/2.17.2/jackson-module-parameter-names-2.17.2.jar:/Users/smarth/.m2/repository/org/springframework/boot/spring-boot-starter-tomcat/3.4.0-M3/spring-boot-starter-tomcat-3.4.0-M3.jar:/Users/smarth/.m2/repository/org/apache/tomcat/embed/tomcat-embed-core/10.1.30/tomcat-embed-core-10.1.30.jar:/Users/smarth/.m2/repository/org/apache/tomcat/embed/tomcat-embed-el/10.1.30/tomcat-embed-el-10.1.30.jar:/Users/smarth/.m2/repository/org/apache/tomcat/embed/tomcat-embed-websocket/10.1.30/tomcat-embed-websocket-10.1.30.jar:/Users/smarth/.m2/repository/org/springframework/spring-web/6.2.0-RC1/spring-web-6.2.0-RC1.jar:/Users/smarth/.m2/repository/org/springframework/spring-beans/6.2.0-RC1/spring-beans-6.2.0-RC1.jar:/Users/smarth/.m2/repository/io/micrometer/micrometer-observation/1.14.0-M3/micrometer-observation-1.14.0-M3.jar:/Users/smarth/.m2/repository/io/micrometer/micrometer-commons/1.14.0-M3/micrometer-commons-1.14.0-M3.jar:/Users/smarth/.m2/repository/org/springframework/spring-webmvc/6.2.0-RC1/spring-webmvc-6.2.0-RC1.jar:/Users/smarth/.m2/repository/org/springframework/spring-context/6.2.0-RC1/spring-context-6.2.0-RC1.jar:/Users/smarth/.m2/repository/org/springframework/spring-expression/6.2.0-RC1/spring-expression-6.2.0-RC1.jar:/Users/smarth/.m2/repository/org/springframework/boot/spring-boot-starter-test/3.4.0-M3/spring-boot-starter-test-3.4.0-M3.jar:/Users/smarth/.m2/repository/org/springframework/boot/spring-boot-test/3.4.0-M3/spring-boot-test-3.4.0-M3.jar:/Users/smarth/.m2/repository/org/springframework/boot/spring-boot-test-autoconfigure/3.4.0-M3/spring-boot-test-autoconfigure-3.4.0-M3.jar:/Users/smarth/.m2/repository/com/jayway/jsonpath/json-path/2.9.0/json-path-2.9.0.jar:/Users/smarth/.m2/repository/org/slf4j/slf4j-api/2.0.16/slf4j-api-2.0.16.jar:/Users/smarth/.m2/repository/jakarta/xml/bind/jakarta.xml.bind-api/4.0.2/jakarta.xml.bind-api-4.0.2.jar:/Users/smarth/.m2/repository/jakarta/activation/jakarta.activation-api/2.1.3/jakarta.activation-api-2.1.3.jar:/Users/smarth/.m2/repository/net/minidev/json-smart/2.5.1/json-smart-2.5.1.jar:/Users/smarth/.m2/repository/net/minidev/accessors-smart/2.5.1/accessors-smart-2.5.1.jar:/Users/smarth/.m2/repository/org/ow2/asm/asm/9.6/asm-9.6.jar:/Users/smarth/.m2/repository/org/assertj/assertj-core/3.26.3/assertj-core-3.26.3.jar:/Users/smarth/.m2/repository/net/bytebuddy/byte-buddy/1.15.1/byte-buddy-1.15.1.jar:/Users/smarth/.m2/repository/org/awaitility/awaitility/4.2.2/awaitility-4.2.2.jar:/Users/smarth/.m2/repository/org/hamcrest/hamcrest/2.2/hamcrest-2.2.jar:/Users/smarth/.m2/repository/org/junit/jupiter/junit-jupiter/5.11.0/junit-jupiter-5.11.0.jar:/Users/smarth/.m2/repository/org/junit/jupiter/junit-jupiter-api/5.11.0/junit-jupiter-api-5.11.0.jar:/Users/smarth/.m2/repository/org/opentest4j/opentest4j/1.3.0/opentest4j-1.3.0.jar:/Users/smarth/.m2/repository/org/junit/platform/junit-platform-commons/1.11.0/junit-platform-commons-1.11.0.jar:/Users/smarth/.m2/repository/org/apiguardian/apiguardian-api/1.1.2/apiguardian-api-1.1.2.jar:/Users/smarth/.m2/repository/org/junit/jupiter/junit-jupiter-params/5.11.0/junit-jupiter-params-5.11.0.jar:/Users/smarth/.m2/repository/org/junit/jupiter/junit-jupiter-engine/5.11.0/junit-jupiter-engine-5.11.0.jar:/Users/smarth/.m2/repository/org/junit/platform/junit-platform-engine/1.11.0/junit-platform-engine-1.11.0.jar:/Users/smarth/.m2/repository/org/mockito/mockito-core/5.13.0/mockito-core-5.13.0.jar:/Users/smarth/.m2/repository/net/bytebuddy/byte-buddy-agent/1.15.1/byte-buddy-agent-1.15.1.jar:/Users/smarth/.m2/repository/org/objenesis/objenesis/3.3/objenesis-3.3.jar:/Users/smarth/.m2/repository/org/mockito/mockito-junit-jupiter/5.13.0/mockito-junit-jupiter-5.13.0.jar:/Users/smarth/.m2/repository/org/skyscreamer/jsonassert/1.5.3/jsonassert-1.5.3.jar:/Users/smarth/.m2/repository/com/vaadin/external/google/android-json/0.0.20131108.vaadin1/android-json-0.0.20131108.vaadin1.jar:/Users/smarth/.m2/repository/org/springframework/spring-core/6.2.0-RC1/spring-core-6.2.0-RC1.jar:/Users/smarth/.m2/repository/org/springframework/spring-jcl/6.2.0-RC1/spring-jcl-6.2.0-RC1.jar:/Users/smarth/.m2/repository/org/springframework/spring-test/6.2.0-RC1/spring-test-6.2.0-RC1.jar:/Users/smarth/.m2/repository/org/xmlunit/xmlunit-core/2.10.0/xmlunit-core-2.10.0.jar:/Users/smarth/.m2/repository/org/springframework/boot/spring-boot-starter-data-mongodb/3.1.4/spring-boot-starter-data-mongodb-3.1.4.jar:/Users/smarth/.m2/repository/org/mongodb/mongodb-driver-sync/5.1.4/mongodb-driver-sync-5.1.4.jar:/Users/smarth/.m2/repository/org/mongodb/bson/5.1.4/bson-5.1.4.jar:/Users/smarth/.m2/repository/org/mongodb/mongodb-driver-core/5.1.4/mongodb-driver-core-5.1.4.jar:/Users/smarth/.m2/repository/org/mongodb/bson-record-codec/5.1.4/bson-record-codec-5.1.4.jar:/Users/smarth/.m2/repository/org/springframework/data/spring-data-mongodb/4.4.0-M1/spring-data-mongodb-4.4.0-M1.jar:/Users/smarth/.m2/repository/org/springframework/spring-tx/6.2.0-RC1/spring-tx-6.2.0-RC1.jar:/Users/smarth/.m2/repository/org/springframework/data/spring-data-commons/3.4.0-M1/spring-data-commons-3.4.0-M1.jar:/Users/smarth/.m2/repository/org/projectlombok/lombok/1.18.34/lombok-1.18.34.jar:/Users/smarth/.m2/repository/org/springframework/boot/spring-boot-starter-security/3.4.0-M3/spring-boot-starter-security-3.4.0-M3.jar:/Users/smarth/.m2/repository/org/springframework/spring-aop/6.2.0-RC1/spring-aop-6.2.0-RC1.jar:/Users/smarth/.m2/repository/org/springframework/security/spring-security-config/6.4.0-M4/spring-security-config-6.4.0-M4.jar:/Users/smarth/.m2/repository/org/springframework/security/spring-security-core/6.4.0-M4/spring-security-core-6.4.0-M4.jar:/Users/smarth/.m2/repository/org/springframework/security/spring-security-crypto/6.4.0-M4/spring-security-crypto-6.4.0-M4.jar:/Users/smarth/.m2/repository/org/springframework/security/spring-security-web/6.4.0-M4/spring-security-web-6.4.0-M4.jar:"/>
    <property name="java.vm.vendor" value="Oracle Corporation"/>
    <property name="sun.arch.data.model" value="64"/>
    <property name="java.vendor.url" value="https://java.oracle.com/"/>
    <property name="user.timezone" value="Asia/Kolkata"/>
    <property name="os.name" value="Mac OS X"/>
    <property name="java.vm.specification.version" value="22"/>
    <property name="APPLICATION_NAME" value="myFirstProject"/>
    <property name="sun.java.launcher" value="SUN_STANDARD"/>
    <property name="user.country" value="IN"/>
    <property name="sun.boot.library.path" value="/Library/Java/JavaVirtualMachines/jdk-22.jdk/Contents/Home/lib"/>
    <property name="sun.java.command" value="/Users/smarth/Downloads/myFirstProject/target/surefire/surefirebooter-20241005182558535_3.jar /Users/smarth/Downloads/myFirstProject/target/surefire 2024-10-05T18-25-58_465-jvmRun1 surefire-20241005182558535_1tmp surefire_0-20241005182558535_2tmp"/>
    <property name="http.nonProxyHosts" value="local|*.local|169.254/16|*.169.254/16"/>
    <property name="jdk.debug" value="release"/>
    <property name="surefire.test.class.path" value="/Users/smarth/Downloads/myFirstProject/target/test-classes:/Users/smarth/Downloads/myFirstProject/target/classes:/Users/smarth/.m2/repository/org/springframework/boot/spring-boot-starter-web/3.4.0-M3/spring-boot-starter-web-3.4.0-M3.jar:/Users/smarth/.m2/repository/org/springframework/boot/spring-boot-starter/3.4.0-M3/spring-boot-starter-3.4.0-M3.jar:/Users/smarth/.m2/repository/org/springframework/boot/spring-boot/3.4.0-M3/spring-boot-3.4.0-M3.jar:/Users/smarth/.m2/repository/org/springframework/boot/spring-boot-autoconfigure/3.4.0-M3/spring-boot-autoconfigure-3.4.0-M3.jar:/Users/smarth/.m2/repository/org/springframework/boot/spring-boot-starter-logging/3.4.0-M3/spring-boot-starter-logging-3.4.0-M3.jar:/Users/smarth/.m2/repository/ch/qos/logback/logback-classic/1.5.8/logback-classic-1.5.8.jar:/Users/smarth/.m2/repository/ch/qos/logback/logback-core/1.5.8/logback-core-1.5.8.jar:/Users/smarth/.m2/repository/org/apache/logging/log4j/log4j-to-slf4j/2.24.0/log4j-to-slf4j-2.24.0.jar:/Users/smarth/.m2/repository/org/apache/logging/log4j/log4j-api/2.24.0/log4j-api-2.24.0.jar:/Users/smarth/.m2/repository/org/slf4j/jul-to-slf4j/2.0.16/jul-to-slf4j-2.0.16.jar:/Users/smarth/.m2/repository/jakarta/annotation/jakarta.annotation-api/2.1.1/jakarta.annotation-api-2.1.1.jar:/Users/smarth/.m2/repository/org/yaml/snakeyaml/2.3/snakeyaml-2.3.jar:/Users/smarth/.m2/repository/org/springframework/boot/spring-boot-starter-json/3.4.0-M3/spring-boot-starter-json-3.4.0-M3.jar:/Users/smarth/.m2/repository/com/fasterxml/jackson/core/jackson-databind/2.17.2/jackson-databind-2.17.2.jar:/Users/smarth/.m2/repository/com/fasterxml/jackson/core/jackson-annotations/2.17.2/jackson-annotations-2.17.2.jar:/Users/smarth/.m2/repository/com/fasterxml/jackson/core/jackson-core/2.17.2/jackson-core-2.17.2.jar:/Users/smarth/.m2/repository/com/fasterxml/jackson/datatype/jackson-datatype-jdk8/2.17.2/jackson-datatype-jdk8-2.17.2.jar:/Users/smarth/.m2/repository/com/fasterxml/jackson/datatype/jackson-datatype-jsr310/2.17.2/jackson-datatype-jsr310-2.17.2.jar:/Users/smarth/.m2/repository/com/fasterxml/jackson/module/jackson-module-parameter-names/2.17.2/jackson-module-parameter-names-2.17.2.jar:/Users/smarth/.m2/repository/org/springframework/boot/spring-boot-starter-tomcat/3.4.0-M3/spring-boot-starter-tomcat-3.4.0-M3.jar:/Users/smarth/.m2/repository/org/apache/tomcat/embed/tomcat-embed-core/10.1.30/tomcat-embed-core-10.1.30.jar:/Users/smarth/.m2/repository/org/apache/tomcat/embed/tomcat-embed-el/10.1.30/tomcat-embed-el-10.1.30.jar:/Users/smarth/.m2/repository/org/apache/tomcat/embed/tomcat-embed-websocket/10.1.30/tomcat-embed-websocket-10.1.30.jar:/Users/smarth/.m2/repository/org/springframework/spring-web/6.2.0-RC1/spring-web-6.2.0-RC1.jar:/Users/smarth/.m2/repository/org/springframework/spring-beans/6.2.0-RC1/spring-beans-6.2.0-RC1.jar:/Users/smarth/.m2/repository/io/micrometer/micrometer-observation/1.14.0-M3/micrometer-observation-1.14.0-M3.jar:/Users/smarth/.m2/repository/io/micrometer/micrometer-commons/1.14.0-M3/micrometer-commons-1.14.0-M3.jar:/Users/smarth/.m2/repository/org/springframework/spring-webmvc/6.2.0-RC1/spring-webmvc-6.2.0-RC1.jar:/Users/smarth/.m2/repository/org/springframework/spring-context/6.2.0-RC1/spring-context-6.2.0-RC1.jar:/Users/smarth/.m2/repository/org/springframework/spring-expression/6.2.0-RC1/spring-expression-6.2.0-RC1.jar:/Users/smarth/.m2/repository/org/springframework/boot/spring-boot-starter-test/3.4.0-M3/spring-boot-starter-test-3.4.0-M3.jar:/Users/smarth/.m2/repository/org/springframework/boot/spring-boot-test/3.4.0-M3/spring-boot-test-3.4.0-M3.jar:/Users/smarth/.m2/repository/org/springframework/boot/spring-boot-test-autoconfigure/3.4.0-M3/spring-boot-test-autoconfigure-3.4.0-M3.jar:/Users/smarth/.m2/repository/com/jayway/jsonpath/json-path/2.9.0/json-path-2.9.0.jar:/Users/smarth/.m2/repository/org/slf4j/slf4j-api/2.0.16/slf4j-api-2.0.16.jar:/Users/smarth/.m2/repository/jakarta/xml/bind/jakarta.xml.bind-api/4.0.2/jakarta.xml.bind-api-4.0.2.jar:/Users/smarth/.m2/repository/jakarta/activation/jakarta.activation-api/2.1.3/jakarta.activation-api-2.1.3.jar:/Users/smarth/.m2/repository/net/minidev/json-smart/2.5.1/json-smart-2.5.1.jar:/Users/smarth/.m2/repository/net/minidev/accessors-smart/2.5.1/accessors-smart-2.5.1.jar:/Users/smarth/.m2/repository/org/ow2/asm/asm/9.6/asm-9.6.jar:/Users/smarth/.m2/repository/org/assertj/assertj-core/3.26.3/assertj-core-3.26.3.jar:/Users/smarth/.m2/repository/net/bytebuddy/byte-buddy/1.15.1/byte-buddy-1.15.1.jar:/Users/smarth/.m2/repository/org/awaitility/awaitility/4.2.2/awaitility-4.2.2.jar:/Users/smarth/.m2/repository/org/hamcrest/hamcrest/2.2/hamcrest-2.2.jar:/Users/smarth/.m2/repository/org/junit/jupiter/junit-jupiter/5.11.0/junit-jupiter-5.11.0.jar:/Users/smarth/.m2/repository/org/junit/jupiter/junit-jupiter-api/5.11.0/junit-jupiter-api-5.11.0.jar:/Users/smarth/.m2/repository/org/opentest4j/opentest4j/1.3.0/opentest4j-1.3.0.jar:/Users/smarth/.m2/repository/org/junit/platform/junit-platform-commons/1.11.0/junit-platform-commons-1.11.0.jar:/Users/smarth/.m2/repository/org/apiguardian/apiguardian-api/1.1.2/apiguardian-api-1.1.2.jar:/Users/smarth/.m2/repository/org/junit/jupiter/junit-jupiter-params/5.11.0/junit-jupiter-params-5.11.0.jar:/Users/smarth/.m2/repository/org/junit/jupiter/junit-jupiter-engine/5.11.0/junit-jupiter-engine-5.11.0.jar:/Users/smarth/.m2/repository/org/junit/platform/junit-platform-engine/1.11.0/junit-platform-engine-1.11.0.jar:/Users/smarth/.m2/repository/org/mockito/mockito-core/5.13.0/mockito-core-5.13.0.jar:/Users/smarth/.m2/repository/net/bytebuddy/byte-buddy-agent/1.15.1/byte-buddy-agent-1.15.1.jar:/Users/smarth/.m2/repository/org/objenesis/objenesis/3.3/objenesis-3.3.jar:/Users/smarth/.m2/repository/org/mockito/mockito-junit-jupiter/5.13.0/mockito-junit-jupiter-5.13.0.jar:/Users/smarth/.m2/repository/org/skyscreamer/jsonassert/1.5.3/jsonassert-1.5.3.jar:/Users/smarth/.m2/repository/com/vaadin/external/google/android-json/0.0.20131108.vaadin1/android-json-0.0.20131108.vaadin1.jar:/Users/smarth/.m2/repository/org/springframework/spring-core/6.2.0-RC1/spring-core-6.2.0-RC1.jar:/Users/smarth/.m2/repository/org/springframework/spring-jcl/6.2.0-RC1/spring-jcl-6.2.0-RC1.jar:/Users/smarth/.m2/repository/org/springframework/spring-test/6.2.0-RC1/spring-test-6.2.0-RC1.jar:/Users/smarth/.m2/repository/org/xmlunit/xmlunit-core/2.10.0/xmlunit-core-2.10.0.jar:/Users/smarth/.m2/repository/org/springframework/boot/spring-boot-starter-data-mongodb/3.1.4/spring-boot-starter-data-mongodb-3.1.4.jar:/Users/smarth/.m2/repository/org/mongodb/mongodb-driver-sync/5.1.4/mongodb-driver-sync-5.1.4.jar:/Users/smarth/.m2/repository/org/mongodb/bson/5.1.4/bson-5.1.4.jar:/Users/smarth/.m2/repository/org/mongodb/mongodb-driver-core/5.1.4/mongodb-driver-core-5.1.4.jar:/Users/smarth/.m2/repository/org/mongodb/bson-record-codec/5.1.4/bson-record-codec-5.1.4.jar:/Users/smarth/.m2/repository/org/springframework/data/spring-data-mongodb/4.4.0-M1/spring-data-mongodb-4.4.0-M1.jar:/Users/smarth/.m2/repository/org/springframework/spring-tx/6.2.0-RC1/spring-tx-6.2.0-RC1.jar:/Users/smarth/.m2/repository/org/springframework/data/spring-data-commons/3.4.0-M1/spring-data-commons-3.4.0-M1.jar:/Users/smarth/.m2/repository/org/projectlombok/lombok/1.18.34/lombok-1.18.34.jar:/Users/smarth/.m2/repository/org/springframework/boot/spring-boot-starter-security/3.4.0-M3/spring-boot-starter-security-3.4.0-M3.jar:/Users/smarth/.m2/repository/org/springframework/spring-aop/6.2.0-RC1/spring-aop-6.2.0-RC1.jar:/Users/smarth/.m2/repository/org/springframework/security/spring-security-config/6.4.0-M4/spring-security-config-6.4.0-M4.jar:/Users/smarth/.m2/repository/org/springframework/security/spring-security-core/6.4.0-M4/spring-security-core-6.4.0-M4.jar:/Users/smarth/.m2/repository/org/springframework/security/spring-security-crypto/6.4.0-M4/spring-security-crypto-6.4.0-M4.jar:/Users/smarth/.m2/repository/org/springframework/security/spring-security-web/6.4.0-M4/spring-security-web-6.4.0-M4.jar:"/>
    <property name="sun.cpu.endian" value="little"/>
    <property name="user.home" value="/Users/smarth"/>
    <property name="user.language" value="en"/>
    <property name="java.specification.vendor" value="Oracle Corporation"/>
    <property name="java.version.date" value="2024-04-16"/>
    <property name="java.home" value="/Library/Java/JavaVirtualMachines/jdk-22.jdk/Contents/Home"/>
    <property name="file.separator" value="/"/>
    <property name="basedir" value="/Users/smarth/Downloads/myFirstProject"/>
    <property name="java.vm.compressedOopsMode" value="Zero based"/>
    <property name="line.separator" value="&#10;"/>
    <property name="java.vm.specification.vendor" value="Oracle Corporation"/>
    <property name="java.specification.name" value="Java Platform API Specification"/>
    <property name="FILE_LOG_CHARSET" value="UTF-8"/>
    <property name="java.awt.headless" value="true"/>
    <property name="apple.awt.application.name" value="ForkedBooter"/>
    <property name="surefire.real.class.path" value="/Users/smarth/Downloads/myFirstProject/target/surefire/surefirebooter-20241005182558535_3.jar"/>
    <property name="sun.management.compiler" value="HotSpot 64-Bit Tiered Compilers"/>
    <property name="ftp.nonProxyHosts" value="local|*.local|169.254/16|*.169.254/16"/>
    <property name="java.runtime.version" value="22.0.1+8-16"/>
    <property name="user.name" value="smarth"/>
    <property name="stdout.encoding" value="UTF-8"/>
    <property name="path.separator" value=":"/>
    <property name="os.version" value="15.0"/>
    <property name="java.runtime.name" value="Java(TM) SE Runtime Environment"/>
    <property name="file.encoding" value="UTF-8"/>
    <property name="java.vm.name" value="Java HotSpot(TM) 64-Bit Server VM"/>
    <property name="localRepository" value="/Users/smarth/.m2/repository"/>
    <property name="java.vendor.url.bug" value="https://bugreport.java.com/bugreport/"/>
    <property name="java.io.tmpdir" value="/var/folders/sf/s_zq_hy54r98rp6x36zzb84r0000gp/T/"/>
    <property name="java.version" value="22.0.1"/>
    <property name="user.dir" value="/Users/smarth/Downloads/myFirstProject"/>
    <property name="os.arch" value="aarch64"/>
    <property name="java.vm.specification.name" value="Java Virtual Machine Specification"/>
    <property name="PID" value="17428"/>
    <property name="CONSOLE_LOG_CHARSET" value="UTF-8"/>
    <property name="native.encoding" value="UTF-8"/>
    <property name="java.library.path" value="/Users/smarth/Library/Java/Extensions:/Library/Java/Extensions:/Network/Library/Java/Extensions:/System/Library/Java/Extensions:/usr/lib/java:."/>
    <property name="java.vm.info" value="mixed mode, sharing"/>
    <property name="stderr.encoding" value="UTF-8"/>
    <property name="java.vendor" value="Oracle Corporation"/>
    <property name="java.vm.version" value="22.0.1+8-16"/>
    <property name="sun.io.unicode.encoding" value="UnicodeBig"/>
    <property name="socksNonProxyHosts" value="local|*.local|169.254/16|*.169.254/16"/>
    <property name="java.class.version" value="66.0"/>
    <property name="LOGGED_APPLICATION_NAME" value="[myFirstProject] "/>
  </properties>
  <testcase name="contextLoads" classname="com.bootstart.myFirstProject.MyFirstProjectApplicationTests" time="0.611">
    <system-out><![CDATA[18:25:59.135 [main] INFO org.springframework.test.context.support.AnnotationConfigContextLoaderUtils -- Could not detect default configuration classes for test class [com.bootstart.myFirstProject.MyFirstProjectApplicationTests]: MyFirstProjectApplicationTests does not declare any static, non-private, non-final, nested classes annotated with @Configuration.
18:25:59.216 [main] INFO org.springframework.boot.test.context.SpringBootTestContextBootstrapper -- Found @SpringBootConfiguration com.bootstart.myFirstProject.MyFirstProjectApplication for test class com.bootstart.myFirstProject.MyFirstProjectApplicationTests

  .   ____          _            __ _ _
 /\\ / ___'_ __ _ _(_)_ __  __ _ \ \ \ \
( ( )\___ | '_ | '_| | '_ \/ _` | \ \ \ \
 \\/  ___)| |_)| | | | | || (_| |  ) ) ) )
  '  |____| .__|_| |_|_| |_\__, | / / / /
 =========|_|==============|___/=/_/_/_/

 :: Spring Boot ::             (v3.4.0-M3)

2024-10-05T18:25:59.542+05:30  INFO 17428 --- [myFirstProject] [           main] c.b.m.MyFirstProjectApplicationTests     : Starting MyFirstProjectApplicationTests using Java 22.0.1 with PID 17428 (started by smarth in /Users/smarth/Downloads/myFirstProject)
2024-10-05T18:25:59.543+05:30  INFO 17428 --- [myFirstProject] [           main] c.b.m.MyFirstProjectApplicationTests     : No active profile set, falling back to 1 default profile: "default"
2024-10-05T18:26:00.098+05:30  INFO 17428 --- [myFirstProject] [           main] .s.d.r.c.RepositoryConfigurationDelegate : Bootstrapping Spring Data MongoDB repositories in DEFAULT mode.
2024-10-05T18:26:00.136+05:30  INFO 17428 --- [myFirstProject] [           main] .s.d.r.c.RepositoryConfigurationDelegate : Finished Spring Data repository scanning in 33 ms. Found 2 MongoDB repository interfaces.
2024-10-05T18:26:01.736+05:30  INFO 17428 --- [myFirstProject] [           main] org.mongodb.driver.client                : MongoClient with metadata {"application": {"name": "Cluster0"}, "driver": {"name": "mongo-java-driver|sync|spring-boot", "version": "5.1.4"}, "os": {"type": "Darwin", "name": "Mac OS X", "architecture": "aarch64", "version": "15.0"}, "platform": "Java/Oracle Corporation/22.0.1+8-16"} created with settings MongoClientSettings{readPreference=primary, writeConcern=WriteConcern{w=majority, wTimeout=null ms, journal=null}, retryWrites=true, retryReads=true, readConcern=ReadConcern{level=null}, credential=MongoCredential{mechanism=null, userName='sp', source='admin', password=<hidden>, mechanismProperties=<hidden>}, transportSettings=null, commandListeners=[], codecRegistry=ProvidersCodecRegistry{codecProviders=[ValueCodecProvider{}, BsonValueCodecProvider{}, DBRefCodecProvider{}, DBObjectCodecProvider{}, DocumentCodecProvider{}, CollectionCodecProvider{}, IterableCodecProvider{}, MapCodecProvider{}, GeoJsonCodecProvider{}, GridFSFileCodecProvider{}, Jsr310CodecProvider{}, JsonObjectCodecProvider{}, BsonCodecProvider{}, EnumCodecProvider{}, com.mongodb.client.model.mql.ExpressionCodecProvider@671ea6ff, com.mongodb.Jep395RecordCodecProvider@1c52552f, com.mongodb.KotlinCodecProvider@5dc769f9]}, loggerSettings=LoggerSettings{maxDocumentLength=1000}, clusterSettings={hosts=[127.0.0.1:27017], srvHost=cluster0.cr1gn.mongodb.net, srvServiceName=mongodb, mode=MULTIPLE, requiredClusterType=REPLICA_SET, requiredReplicaSetName='atlas-6cr4bx-shard-0', serverSelector='null', clusterListeners='[]', serverSelectionTimeout='30000 ms', localThreshold='15 ms'}, socketSettings=SocketSettings{connectTimeoutMS=10000, readTimeoutMS=0, receiveBufferSize=0, proxySettings=ProxySettings{host=null, port=null, username=null, password=null}}, heartbeatSocketSettings=SocketSettings{connectTimeoutMS=10000, readTimeoutMS=10000, receiveBufferSize=0, proxySettings=ProxySettings{host=null, port=null, username=null, password=null}}, connectionPoolSettings=ConnectionPoolSettings{maxSize=100, minSize=0, maxWaitTimeMS=120000, maxConnectionLifeTimeMS=0, maxConnectionIdleTimeMS=0, maintenanceInitialDelayMS=0, maintenanceFrequencyMS=60000, connectionPoolListeners=[], maxConnecting=2}, serverSettings=ServerSettings{heartbeatFrequencyMS=10000, minHeartbeatFrequencyMS=500, serverMonitoringMode=AUTO, serverListeners='[]', serverMonitorListeners='[]'}, sslSettings=SslSettings{enabled=true, invalidHostNameAllowed=false, context=null}, applicationName='Cluster0', compressorList=[], uuidRepresentation=JAVA_LEGACY, serverApi=null, autoEncryptionSettings=null, dnsClient=null, inetAddressResolver=null, contextProvider=null}
2024-10-05T18:26:01.847+05:30  INFO 17428 --- [myFirstProject] [1gn.mongodb.net] org.mongodb.driver.cluster               : Adding discovered server cluster0-shard-00-01.cr1gn.mongodb.net:27017 to client view of cluster
2024-10-05T18:26:01.864+05:30  INFO 17428 --- [myFirstProject] [1gn.mongodb.net] org.mongodb.driver.cluster               : Adding discovered server cluster0-shard-00-00.cr1gn.mongodb.net:27017 to client view of cluster
2024-10-05T18:26:01.867+05:30  INFO 17428 --- [myFirstProject] [1gn.mongodb.net] org.mongodb.driver.cluster               : Adding discovered server cluster0-shard-00-02.cr1gn.mongodb.net:27017 to client view of cluster
2024-10-05T18:26:01.952+05:30  INFO 17428 --- [myFirstProject] [           main] org.mongodb.driver.cluster               : Waiting for server to become available for operation with ID 1. Remaining time: 30000 ms. Selector: WritableServerSelector, topology description: {type=REPLICA_SET, servers=[{address=cluster0-shard-00-00.cr1gn.mongodb.net:27017, type=UNKNOWN, state=CONNECTING}, {address=cluster0-shard-00-01.cr1gn.mongodb.net:27017, type=UNKNOWN, state=CONNECTING}, {address=cluster0-shard-00-02.cr1gn.mongodb.net:27017, type=UNKNOWN, state=CONNECTING}].
2024-10-05T18:26:05.583+05:30  INFO 17428 --- [myFirstProject] [ngodb.net:27017] org.mongodb.driver.cluster               : Monitor thread successfully connected to server with description ServerDescription{address=cluster0-shard-00-01.cr1gn.mongodb.net:27017, type=REPLICA_SET_PRIMARY, state=CONNECTED, ok=true, minWireVersion=0, maxWireVersion=21, maxDocumentSize=16777216, logicalSessionTimeoutMinutes=30, roundTripTimeNanos=267973375, setName='atlas-6cr4bx-shard-0', canonicalAddress=cluster0-shard-00-01.cr1gn.mongodb.net:27017, hosts=[cluster0-shard-00-02.cr1gn.mongodb.net:27017, cluster0-shard-00-00.cr1gn.mongodb.net:27017, cluster0-shard-00-01.cr1gn.mongodb.net:27017], passives=[], arbiters=[], primary='cluster0-shard-00-01.cr1gn.mongodb.net:27017', tagSet=TagSet{[Tag{name='availabilityZone', value='aps1-az3'}, Tag{name='diskState', value='READY'}, Tag{name='nodeType', value='ELECTABLE'}, Tag{name='provider', value='AWS'}, Tag{name='region', value='AP_SOUTH_1'}, Tag{name='workloadType', value='OPERATIONAL'}]}, electionId=7fffffff0000000000000096, setVersion=109, topologyVersion=TopologyVersion{processId=6700159a88610b432ab8353f, counter=6}, lastWriteDate=Sat Oct 05 18:26:05 IST 2024, lastUpdateTimeNanos=88662968137375}
2024-10-05T18:26:05.584+05:30  INFO 17428 --- [myFirstProject] [ngodb.net:27017] org.mongodb.driver.cluster               : Monitor thread successfully connected to server with description ServerDescription{address=cluster0-shard-00-00.cr1gn.mongodb.net:27017, type=REPLICA_SET_SECONDARY, state=CONNECTED, ok=true, minWireVersion=0, maxWireVersion=21, maxDocumentSize=16777216, logicalSessionTimeoutMinutes=30, roundTripTimeNanos=264092333, setName='atlas-6cr4bx-shard-0', canonicalAddress=cluster0-shard-00-00.cr1gn.mongodb.net:27017, hosts=[cluster0-shard-00-02.cr1gn.mongodb.net:27017, cluster0-shard-00-00.cr1gn.mongodb.net:27017, cluster0-shard-00-01.cr1gn.mongodb.net:27017], passives=[], arbiters=[], primary='cluster0-shard-00-01.cr1gn.mongodb.net:27017', tagSet=TagSet{[Tag{name='availabilityZone', value='aps1-az1'}, Tag{name='diskState', value='READY'}, Tag{name='nodeType', value='ELECTABLE'}, Tag{name='provider', value='AWS'}, Tag{name='region', value='AP_SOUTH_1'}, Tag{name='workloadType', value='OPERATIONAL'}]}, electionId=null, setVersion=109, topologyVersion=TopologyVersion{processId=6700137e79d93c8831187efa, counter=5}, lastWriteDate=Sat Oct 05 18:26:05 IST 2024, lastUpdateTimeNanos=88662968055208}
2024-10-05T18:26:05.584+05:30  INFO 17428 --- [myFirstProject] [ngodb.net:27017] org.mongodb.driver.cluster               : Monitor thread successfully connected to server with description ServerDescription{address=cluster0-shard-00-02.cr1gn.mongodb.net:27017, type=REPLICA_SET_SECONDARY, state=CONNECTED, ok=true, minWireVersion=0, maxWireVersion=21, maxDocumentSize=16777216, logicalSessionTimeoutMinutes=30, roundTripTimeNanos=267839917, setName='atlas-6cr4bx-shard-0', canonicalAddress=cluster0-shard-00-02.cr1gn.mongodb.net:27017, hosts=[cluster0-shard-00-02.cr1gn.mongodb.net:27017, cluster0-shard-00-00.cr1gn.mongodb.net:27017, cluster0-shard-00-01.cr1gn.mongodb.net:27017], passives=[], arbiters=[], primary='cluster0-shard-00-01.cr1gn.mongodb.net:27017', tagSet=TagSet{[Tag{name='availabilityZone', value='aps1-az2'}, Tag{name='diskState', value='READY'}, Tag{name='nodeType', value='ELECTABLE'}, Tag{name='provider', value='AWS'}, Tag{name='region', value='AP_SOUTH_1'}, Tag{name='workloadType', value='OPERATIONAL'}]}, electionId=null, setVersion=109, topologyVersion=TopologyVersion{processId=6700180d0c0fea8115a3ae67, counter=3}, lastWriteDate=Sat Oct 05 18:26:05 IST 2024, lastUpdateTimeNanos=88662968009458}
2024-10-05T18:26:05.587+05:30  INFO 17428 --- [myFirstProject] [ngodb.net:27017] org.mongodb.driver.cluster               : Discovered replica set primary cluster0-shard-00-01.cr1gn.mongodb.net:27017 with max election id 7fffffff0000000000000096 and max set version 109
2024-10-05T18:26:06.150+05:30  INFO 17428 --- [myFirstProject] [           main] r$InitializeUserDetailsManagerConfigurer : Global AuthenticationManager configured with UserDetailsService bean with name userDetailsServiceImpl
2024-10-05T18:26:06.510+05:30  INFO 17428 --- [myFirstProject] [           main] c.b.m.MyFirstProjectApplicationTests     : Started MyFirstProjectApplicationTests in 7.201 seconds (process running for 7.886)
]]></system-out>
    <system-err><![CDATA[WARNING: A Java agent has been loaded dynamically (/Users/smarth/.m2/repository/net/bytebuddy/byte-buddy-agent/1.15.1/byte-buddy-agent-1.15.1.jar)
WARNING: If a serviceability tool is in use, please run with -XX:+EnableDynamicAgentLoading to hide this warning
WARNING: If a serviceability tool is not in use, please run with -Djdk.instrument.traceUsage for more information
WARNING: Dynamic loading of agents will be disallowed by default in a future release
]]></system-err>
  </testcase>
</testsuite>